  Ammo.cpp
  BasicTurtle.cpp
  CharacterSelectScene.cpp
  DifficultySelectScene.cpp
  GameEntity.cpp
  GameManager.cpp
  GameObject.cpp
  Gun.cpp
  HighScoreScene.cpp
  Image.cpp
C:\Users\Youngester\Desktop\개인포폴\My_Portfolio\Jazz Jack Rabbit 2\Image.cpp(167,27): warning C4244: '인수': 'float'에서 'int'(으)로 변환하면서 데이터가 손실될 수 있습니다.
C:\Users\Youngester\Desktop\개인포폴\My_Portfolio\Jazz Jack Rabbit 2\Image.cpp(166,26): warning C4244: '인수': 'float'에서 'int'(으)로 변환하면서 데이터가 손실될 수 있습니다.
  ImageManager.cpp
  Jazz.cpp
  Life.cpp
  Lori.cpp
  Main.cpp
C:\Users\Youngester\Desktop\개인포폴\My_Portfolio\Jazz Jack Rabbit 2\Main.cpp(60,16): warning C4244: 'return': 'WPARAM'에서 'int'(으)로 변환하면서 데이터가 손실될 수 있습니다.
  MainGame.cpp
C:\Users\Youngester\Desktop\개인포폴\My_Portfolio\Jazz Jack Rabbit 2\MainGame.cpp(31,52): warning C4267: '인수': 'size_t'에서 'int'(으)로 변환하면서 데이터가 손실될 수 있습니다.
C:\Users\Youngester\Desktop\개인포폴\My_Portfolio\Jazz Jack Rabbit 2\MainGame.cpp(34,52): warning C4267: '인수': 'size_t'에서 'int'(으)로 변환하면서 데이터가 손실될 수 있습니다.
  MainMenuScene.cpp
  PlayInStageScene.cpp
  RetryScene.cpp
  SceneManager.cpp
  코드를 생성하고 있습니다...
  컴파일하고 있습니다...
  Score.cpp
  ScoreObject.cpp
  Spaz.cpp
  StageSelectScene.cpp
  TileMap.cpp
  TiltleScene.cpp
  TimeManager.cpp
  Turtle.cpp
  UIManager.cpp
  코드를 생성하고 있습니다...
  Jazz Jack Rabbit 2.vcxproj -> C:\Users\Youngester\Desktop\개인포폴\My_Portfolio\Jazz Jack Rabbit 2\x64\Debug\Jazz Jack Rabbit 2.exe
